{"C:\\Users\\l_cam\\Desktop\\Lucas-Campioto\\semana12\\projeto-semanal\\planner\\src\\index.js": {"path":"C:\\Users\\l_cam\\Desktop\\Lucas-Campioto\\semana12\\projeto-semanal\\planner\\src\\index.js","statementMap":{"0":{"start":{"line":5,"column":20},"end":{"line":5,"column":51}},"1":{"start":{"line":6,"column":0},"end":{"line":6,"column":38}}},"fnMap":{},"branchMap":{},"s":{"0":0,"1":0},"f":{},"b":{},"hash":"b663c4d5f1a5b4d97f1f8061f354f94c6a5cf109"}
,"C:\\Users\\l_cam\\Desktop\\Lucas-Campioto\\semana12\\projeto-semanal\\planner\\src\\Components\\Planner.js": {"path":"C:\\Users\\l_cam\\Desktop\\Lucas-Campioto\\semana12\\projeto-semanal\\planner\\src\\Components\\Planner.js","statementMap":{"0":{"start":{"line":5,"column":18},"end":{"line":9,"column":1}},"1":{"start":{"line":12,"column":4},"end":{"line":42,"column":5}}},"fnMap":{"0":{"name":"PlannerTasks","decl":{"start":{"line":11,"column":9},"end":{"line":11,"column":21}},"loc":{"start":{"line":11,"column":28},"end":{"line":43,"column":1}},"line":11}},"branchMap":{},"s":{"0":3,"1":3},"f":{"0":3},"b":{},"_coverageSchema":"43e27e138ebf9cfc5966b082cf9a028302ed4184","hash":"0f82318065a15ef0300cb6573b58c1f4f6f76218"}
,"C:\\Users\\l_cam\\Desktop\\Lucas-Campioto\\semana12\\projeto-semanal\\planner\\src\\Components\\task.js": {"path":"C:\\Users\\l_cam\\Desktop\\Lucas-Campioto\\semana12\\projeto-semanal\\planner\\src\\Components\\task.js","statementMap":{"0":{"start":{"line":7,"column":22},"end":{"line":9,"column":5}},"1":{"start":{"line":8,"column":8},"end":{"line":8,"column":38}},"2":{"start":{"line":10,"column":4},"end":{"line":20,"column":6}},"3":{"start":{"line":14,"column":16},"end":{"line":17,"column":22}}},"fnMap":{"0":{"name":"Task","decl":{"start":{"line":6,"column":9},"end":{"line":6,"column":13}},"loc":{"start":{"line":6,"column":21},"end":{"line":21,"column":1}},"line":6},"1":{"name":"(anonymous_1)","decl":{"start":{"line":7,"column":22},"end":{"line":7,"column":23}},"loc":{"start":{"line":7,"column":30},"end":{"line":9,"column":5}},"line":7},"2":{"name":"(anonymous_2)","decl":{"start":{"line":13,"column":62},"end":{"line":13,"column":63}},"loc":{"start":{"line":14,"column":16},"end":{"line":17,"column":22}},"line":14}},"branchMap":{"0":{"loc":{"start":{"line":13,"column":13},"end":{"line":18,"column":14}},"type":"binary-expr","locations":[{"start":{"line":13,"column":13},"end":{"line":13,"column":24}},{"start":{"line":13,"column":28},"end":{"line":18,"column":14}}],"line":13}},"s":{"0":22,"1":0,"2":22,"3":0},"f":{"0":22,"1":0,"2":0},"b":{"0":[22,7]},"_coverageSchema":"43e27e138ebf9cfc5966b082cf9a028302ed4184","hash":"5463b94beed531e5a737fc66f17b2301e70eab12"}
,"C:\\Users\\l_cam\\Desktop\\Lucas-Campioto\\semana12\\projeto-semanal\\planner\\src\\actions\\planners.js": {"path":"C:\\Users\\l_cam\\Desktop\\Lucas-Campioto\\semana12\\projeto-semanal\\planner\\src\\actions\\planners.js","statementMap":{"0":{"start":{"line":3,"column":26},"end":{"line":8,"column":2}},"1":{"start":{"line":3,"column":41},"end":{"line":8,"column":1}},"2":{"start":{"line":10,"column":27},"end":{"line":18,"column":1}},"3":{"start":{"line":10,"column":33},"end":{"line":18,"column":1}},"4":{"start":{"line":12,"column":4},"end":{"line":17,"column":5}},"5":{"start":{"line":13,"column":25},"end":{"line":13,"column":125}},"6":{"start":{"line":14,"column":8},"end":{"line":14,"column":43}},"7":{"start":{"line":16,"column":8},"end":{"line":16,"column":28}},"8":{"start":{"line":20,"column":26},"end":{"line":32,"column":1}},"9":{"start":{"line":20,"column":41},"end":{"line":32,"column":1}},"10":{"start":{"line":21,"column":21},"end":{"line":24,"column":5}},"11":{"start":{"line":26,"column":4},"end":{"line":31,"column":5}},"12":{"start":{"line":27,"column":8},"end":{"line":27,"column":120}},"13":{"start":{"line":28,"column":8},"end":{"line":28,"column":32}},"14":{"start":{"line":30,"column":8},"end":{"line":30,"column":73}}},"fnMap":{"0":{"name":"(anonymous_0)","decl":{"start":{"line":3,"column":26},"end":{"line":3,"column":27}},"loc":{"start":{"line":3,"column":41},"end":{"line":8,"column":1}},"line":3},"1":{"name":"(anonymous_1)","decl":{"start":{"line":10,"column":27},"end":{"line":10,"column":28}},"loc":{"start":{"line":10,"column":33},"end":{"line":18,"column":1}},"line":10},"2":{"name":"(anonymous_2)","decl":{"start":{"line":10,"column":33},"end":{"line":10,"column":34}},"loc":{"start":{"line":10,"column":53},"end":{"line":18,"column":1}},"line":10},"3":{"name":"(anonymous_3)","decl":{"start":{"line":20,"column":26},"end":{"line":20,"column":27}},"loc":{"start":{"line":20,"column":41},"end":{"line":32,"column":1}},"line":20},"4":{"name":"(anonymous_4)","decl":{"start":{"line":20,"column":41},"end":{"line":20,"column":42}},"loc":{"start":{"line":20,"column":61},"end":{"line":32,"column":1}},"line":20}},"branchMap":{},"s":{"0":4,"1":4,"2":4,"3":2,"4":1,"5":1,"6":1,"7":0,"8":4,"9":1,"10":1,"11":1,"12":1,"13":1,"14":0},"f":{"0":4,"1":2,"2":1,"3":1,"4":1},"b":{},"_coverageSchema":"43e27e138ebf9cfc5966b082cf9a028302ed4184","hash":"f779cc8abc707e67c38c9c7851c58c6530ded12f"}
,"C:\\Users\\l_cam\\Desktop\\Lucas-Campioto\\semana12\\projeto-semanal\\planner\\src\\containers\\App\\index.js": {"path":"C:\\Users\\l_cam\\Desktop\\Lucas-Campioto\\semana12\\projeto-semanal\\planner\\src\\containers\\App\\index.js","statementMap":{"0":{"start":{"line":10,"column":20},"end":{"line":15,"column":1}},"1":{"start":{"line":14,"column":11},"end":{"line":14,"column":12}},"2":{"start":{"line":17,"column":14},"end":{"line":17,"column":63}},"3":{"start":{"line":19,"column":19},"end":{"line":26,"column":1}},"4":{"start":{"line":20,"column":2},"end":{"line":25,"column":13}}},"fnMap":{"0":{"name":"(anonymous_0)","decl":{"start":{"line":14,"column":6},"end":{"line":14,"column":7}},"loc":{"start":{"line":14,"column":11},"end":{"line":14,"column":12}},"line":14},"1":{"name":"(anonymous_1)","decl":{"start":{"line":19,"column":19},"end":{"line":19,"column":20}},"loc":{"start":{"line":20,"column":2},"end":{"line":25,"column":13}},"line":20}},"branchMap":{"0":{"loc":{"start":{"line":12,"column":2},"end":{"line":14,"column":12}},"type":"cond-expr","locations":[{"start":{"line":13,"column":6},"end":{"line":13,"column":43}},{"start":{"line":14,"column":6},"end":{"line":14,"column":12}}],"line":12}},"s":{"0":1,"1":1,"2":1,"3":1,"4":1},"f":{"0":1,"1":1},"b":{"0":[0,1]},"_coverageSchema":"43e27e138ebf9cfc5966b082cf9a028302ed4184","hash":"13bcdaa4e5523d4242c1887e7156a06c61e4bd55"}
,"C:\\Users\\l_cam\\Desktop\\Lucas-Campioto\\semana12\\projeto-semanal\\planner\\src\\containers\\Planner\\index.js": {"path":"C:\\Users\\l_cam\\Desktop\\Lucas-Campioto\\semana12\\projeto-semanal\\planner\\src\\containers\\Planner\\index.js","statementMap":{"0":{"start":{"line":8,"column":23},"end":{"line":15,"column":1}},"1":{"start":{"line":17,"column":18},"end":{"line":19,"column":1}},"2":{"start":{"line":21,"column":22},"end":{"line":25,"column":1}},"3":{"start":{"line":27,"column":24},"end":{"line":30,"column":1}},"4":{"start":{"line":34,"column":4},"end":{"line":34,"column":19}},"5":{"start":{"line":35,"column":4},"end":{"line":37,"column":5}},"6":{"start":{"line":44,"column":24},"end":{"line":47,"column":3}},"7":{"start":{"line":45,"column":28},"end":{"line":45,"column":40}},"8":{"start":{"line":46,"column":4},"end":{"line":46,"column":67}},"9":{"start":{"line":49,"column":19},"end":{"line":56,"column":3}},"10":{"start":{"line":50,"column":4},"end":{"line":50,"column":27}},"11":{"start":{"line":52,"column":26},"end":{"line":52,"column":41}},"12":{"start":{"line":53,"column":4},"end":{"line":53,"column":36}},"13":{"start":{"line":55,"column":4},"end":{"line":55,"column":29}},"14":{"start":{"line":60,"column":4},"end":{"line":101,"column":6}},"15":{"start":{"line":67,"column":22},"end":{"line":78,"column":28}},"16":{"start":{"line":106,"column":24},"end":{"line":108,"column":2}},"17":{"start":{"line":106,"column":33},"end":{"line":108,"column":1}},"18":{"start":{"line":110,"column":27},"end":{"line":113,"column":2}},"19":{"start":{"line":110,"column":42},"end":{"line":113,"column":1}},"20":{"start":{"line":111,"column":23},"end":{"line":111,"column":46}},"21":{"start":{"line":112,"column":31},"end":{"line":112,"column":62}}},"fnMap":{"0":{"name":"(anonymous_0)","decl":{"start":{"line":33,"column":2},"end":{"line":33,"column":3}},"loc":{"start":{"line":33,"column":22},"end":{"line":38,"column":3}},"line":33},"1":{"name":"(anonymous_1)","decl":{"start":{"line":40,"column":2},"end":{"line":40,"column":3}},"loc":{"start":{"line":40,"column":21},"end":{"line":42,"column":3}},"line":40},"2":{"name":"(anonymous_2)","decl":{"start":{"line":44,"column":24},"end":{"line":44,"column":25}},"loc":{"start":{"line":44,"column":33},"end":{"line":47,"column":3}},"line":44},"3":{"name":"(anonymous_3)","decl":{"start":{"line":49,"column":19},"end":{"line":49,"column":20}},"loc":{"start":{"line":49,"column":28},"end":{"line":56,"column":3}},"line":49},"4":{"name":"(anonymous_4)","decl":{"start":{"line":59,"column":2},"end":{"line":59,"column":3}},"loc":{"start":{"line":59,"column":11},"end":{"line":102,"column":3}},"line":59},"5":{"name":"(anonymous_5)","decl":{"start":{"line":66,"column":33},"end":{"line":66,"column":34}},"loc":{"start":{"line":67,"column":22},"end":{"line":78,"column":28}},"line":67},"6":{"name":"(anonymous_6)","decl":{"start":{"line":106,"column":24},"end":{"line":106,"column":25}},"loc":{"start":{"line":106,"column":33},"end":{"line":108,"column":1}},"line":106},"7":{"name":"(anonymous_7)","decl":{"start":{"line":110,"column":27},"end":{"line":110,"column":28}},"loc":{"start":{"line":110,"column":42},"end":{"line":113,"column":1}},"line":110},"8":{"name":"(anonymous_8)","decl":{"start":{"line":111,"column":17},"end":{"line":111,"column":18}},"loc":{"start":{"line":111,"column":23},"end":{"line":111,"column":46}},"line":111},"9":{"name":"(anonymous_9)","decl":{"start":{"line":112,"column":16},"end":{"line":112,"column":17}},"loc":{"start":{"line":112,"column":31},"end":{"line":112,"column":62}},"line":112}},"branchMap":{"0":{"loc":{"start":{"line":73,"column":39},"end":{"line":73,"column":72}},"type":"binary-expr","locations":[{"start":{"line":73,"column":39},"end":{"line":73,"column":66}},{"start":{"line":73,"column":70},"end":{"line":73,"column":72}}],"line":73}},"s":{"0":2,"1":2,"2":2,"3":2,"4":2,"5":2,"6":2,"7":0,"8":0,"9":2,"10":0,"11":0,"12":0,"13":0,"14":2,"15":2,"16":2,"17":1,"18":2,"19":1,"20":0,"21":0},"f":{"0":2,"1":2,"2":0,"3":0,"4":2,"5":2,"6":1,"7":1,"8":0,"9":0},"b":{"0":[2,2]},"_coverageSchema":"43e27e138ebf9cfc5966b082cf9a028302ed4184","hash":"e119657f41e876d1b072bb7cdd5dd2be18d8a4d2"}
,"C:\\Users\\l_cam\\Desktop\\Lucas-Campioto\\semana12\\projeto-semanal\\planner\\src\\reducers\\index.js": {"path":"C:\\Users\\l_cam\\Desktop\\Lucas-Campioto\\semana12\\projeto-semanal\\planner\\src\\reducers\\index.js","statementMap":{"0":{"start":{"line":4,"column":27},"end":{"line":6,"column":2}}},"fnMap":{},"branchMap":{},"s":{"0":1},"f":{},"b":{},"_coverageSchema":"43e27e138ebf9cfc5966b082cf9a028302ed4184","hash":"22487009a09ab29b2ea3bfd956a2976e2994e747"}
,"C:\\Users\\l_cam\\Desktop\\Lucas-Campioto\\semana12\\projeto-semanal\\planner\\src\\reducers\\planners.js": {"path":"C:\\Users\\l_cam\\Desktop\\Lucas-Campioto\\semana12\\projeto-semanal\\planner\\src\\reducers\\planners.js","statementMap":{"0":{"start":{"line":1,"column":21},"end":{"line":3,"column":1}},"1":{"start":{"line":5,"column":24},"end":{"line":14,"column":1}},"2":{"start":{"line":6,"column":4},"end":{"line":13,"column":5}},"3":{"start":{"line":8,"column":29},"end":{"line":8,"column":52}},"4":{"start":{"line":9,"column":12},"end":{"line":9,"column":51}},"5":{"start":{"line":12,"column":12},"end":{"line":12,"column":25}}},"fnMap":{"0":{"name":"(anonymous_0)","decl":{"start":{"line":5,"column":24},"end":{"line":5,"column":25}},"loc":{"start":{"line":5,"column":58},"end":{"line":14,"column":1}},"line":5}},"branchMap":{"0":{"loc":{"start":{"line":5,"column":25},"end":{"line":5,"column":45}},"type":"default-arg","locations":[{"start":{"line":5,"column":33},"end":{"line":5,"column":45}}],"line":5},"1":{"loc":{"start":{"line":6,"column":4},"end":{"line":13,"column":5}},"type":"switch","locations":[{"start":{"line":7,"column":8},"end":{"line":9,"column":51}},{"start":{"line":11,"column":8},"end":{"line":12,"column":25}}],"line":6}},"s":{"0":2,"1":2,"2":4,"3":1,"4":1,"5":3},"f":{"0":4},"b":{"0":[3],"1":[1,3]},"_coverageSchema":"43e27e138ebf9cfc5966b082cf9a028302ed4184","hash":"96a463f991497553e4f714b833c7413b80d52d6b"}
,"C:\\Users\\l_cam\\Desktop\\Lucas-Campioto\\semana12\\projeto-semanal\\planner\\src\\style\\theme.js": {"path":"C:\\Users\\l_cam\\Desktop\\Lucas-Campioto\\semana12\\projeto-semanal\\planner\\src\\style\\theme.js","statementMap":{},"fnMap":{},"branchMap":{},"s":{},"f":{},"b":{},"_coverageSchema":"43e27e138ebf9cfc5966b082cf9a028302ed4184","hash":"5d0c5cc0101322febcea35ffb36a39d7a1326aef"}
}
