TN:
SF:C:\Users\l_cam\Desktop\Lucas-Campioto\semana12\projeto-semanal\planner\src\index.js
FNF:0
FNH:0
DA:5,0
DA:6,0
LF:2
LH:0
BRF:0
BRH:0
end_of_record
TN:
SF:C:\Users\l_cam\Desktop\Lucas-Campioto\semana12\projeto-semanal\planner\src\Components\Planner.js
FN:11,PlannerTasks
FNF:1
FNH:1
FNDA:3,PlannerTasks
DA:5,3
DA:12,3
LF:2
LH:2
BRF:0
BRH:0
end_of_record
TN:
SF:C:\Users\l_cam\Desktop\Lucas-Campioto\semana12\projeto-semanal\planner\src\Components\task.js
FN:6,Task
FN:7,(anonymous_1)
FN:13,(anonymous_2)
FNF:3
FNH:1
FNDA:22,Task
FNDA:0,(anonymous_1)
FNDA:0,(anonymous_2)
DA:7,22
DA:8,0
DA:10,22
DA:14,0
LF:4
LH:2
BRDA:13,0,0,22
BRDA:13,0,1,7
BRF:2
BRH:2
end_of_record
TN:
SF:C:\Users\l_cam\Desktop\Lucas-Campioto\semana12\projeto-semanal\planner\src\actions\planners.js
FN:3,(anonymous_0)
FN:10,(anonymous_1)
FN:10,(anonymous_2)
FN:20,(anonymous_3)
FN:20,(anonymous_4)
FNF:5
FNH:5
FNDA:4,(anonymous_0)
FNDA:2,(anonymous_1)
FNDA:1,(anonymous_2)
FNDA:1,(anonymous_3)
FNDA:1,(anonymous_4)
DA:3,4
DA:10,4
DA:12,1
DA:13,1
DA:14,1
DA:16,0
DA:20,4
DA:21,1
DA:26,1
DA:27,1
DA:28,1
DA:30,0
LF:12
LH:10
BRF:0
BRH:0
end_of_record
TN:
SF:C:\Users\l_cam\Desktop\Lucas-Campioto\semana12\projeto-semanal\planner\src\containers\App\index.js
FN:14,(anonymous_0)
FN:19,(anonymous_1)
FNF:2
FNH:2
FNDA:1,(anonymous_0)
FNDA:1,(anonymous_1)
DA:10,1
DA:14,1
DA:17,1
DA:19,1
DA:20,1
LF:5
LH:5
BRDA:12,0,0,0
BRDA:12,0,1,1
BRF:2
BRH:1
end_of_record
TN:
SF:C:\Users\l_cam\Desktop\Lucas-Campioto\semana12\projeto-semanal\planner\src\containers\Planner\index.js
FN:33,(anonymous_0)
FN:40,(anonymous_1)
FN:44,(anonymous_2)
FN:49,(anonymous_3)
FN:59,(anonymous_4)
FN:66,(anonymous_5)
FN:106,(anonymous_6)
FN:110,(anonymous_7)
FN:111,(anonymous_8)
FN:112,(anonymous_9)
FNF:10
FNH:6
FNDA:2,(anonymous_0)
FNDA:2,(anonymous_1)
FNDA:0,(anonymous_2)
FNDA:0,(anonymous_3)
FNDA:2,(anonymous_4)
FNDA:2,(anonymous_5)
FNDA:1,(anonymous_6)
FNDA:1,(anonymous_7)
FNDA:0,(anonymous_8)
FNDA:0,(anonymous_9)
DA:8,2
DA:17,2
DA:21,2
DA:27,2
DA:34,2
DA:35,2
DA:44,2
DA:45,0
DA:46,0
DA:49,2
DA:50,0
DA:52,0
DA:53,0
DA:55,0
DA:60,2
DA:67,2
DA:106,2
DA:110,2
DA:111,0
DA:112,0
LF:20
LH:12
BRDA:73,0,0,2
BRDA:73,0,1,2
BRF:2
BRH:2
end_of_record
TN:
SF:C:\Users\l_cam\Desktop\Lucas-Campioto\semana12\projeto-semanal\planner\src\reducers\index.js
FNF:0
FNH:0
DA:4,1
LF:1
LH:1
BRF:0
BRH:0
end_of_record
TN:
SF:C:\Users\l_cam\Desktop\Lucas-Campioto\semana12\projeto-semanal\planner\src\reducers\planners.js
FN:5,(anonymous_0)
FNF:1
FNH:1
FNDA:4,(anonymous_0)
DA:1,2
DA:5,2
DA:6,4
DA:8,1
DA:9,1
DA:12,3
LF:6
LH:6
BRDA:5,0,0,3
BRDA:6,1,0,1
BRDA:6,1,1,3
BRF:3
BRH:3
end_of_record
TN:
SF:C:\Users\l_cam\Desktop\Lucas-Campioto\semana12\projeto-semanal\planner\src\style\theme.js
FNF:0
FNH:0
LF:0
LH:0
BRF:0
BRH:0
end_of_record
